-------------------------------------------------------------------------------
Test set: com.apigateway.ApiGatewayApplicationTests
-------------------------------------------------------------------------------
Tests run: 1, Failures: 0, Errors: 1, Skipped: 0, Time elapsed: 3.631 s <<< FAILURE! - in com.apigateway.ApiGatewayApplicationTests
contextLoads  Time elapsed: 0.012 s  <<< ERROR!
java.lang.IllegalStateException: Failed to load ApplicationContext
Caused by: org.springframework.beans.factory.UnsatisfiedDependencyException: Error creating bean with name 'nettyWriteResponseFilter' defined in class path resource [org/springframework/cloud/gateway/config/GatewayAutoConfiguration$NettyConfiguration.class]: Unsatisfied dependency expressed through method 'nettyWriteResponseFilter' parameter 0; nested exception is org.springframework.boot.context.properties.ConfigurationPropertiesBindException: Error creating bean with name 'gatewayProperties': Could not bind properties to 'GatewayProperties' : prefix=spring.cloud.gateway, ignoreInvalidFields=false, ignoreUnknownFields=true; nested exception is org.springframework.boot.context.properties.bind.BindException: Failed to bind properties under 'spring.cloud.gateway.routes[0].predicates' to java.util.List<org.springframework.cloud.gateway.handler.predicate.PredicateDefinition>
Caused by: org.springframework.boot.context.properties.ConfigurationPropertiesBindException: Error creating bean with name 'gatewayProperties': Could not bind properties to 'GatewayProperties' : prefix=spring.cloud.gateway, ignoreInvalidFields=false, ignoreUnknownFields=true; nested exception is org.springframework.boot.context.properties.bind.BindException: Failed to bind properties under 'spring.cloud.gateway.routes[0].predicates' to java.util.List<org.springframework.cloud.gateway.handler.predicate.PredicateDefinition>
Caused by: org.springframework.boot.context.properties.bind.BindException: Failed to bind properties under 'spring.cloud.gateway.routes[0].predicates' to java.util.List<org.springframework.cloud.gateway.handler.predicate.PredicateDefinition>
Caused by: org.springframework.core.convert.ConversionFailedException: Failed to convert from type [java.lang.String] to type [@javax.validation.constraints.NotEmpty @javax.validation.Valid org.springframework.cloud.gateway.handler.predicate.PredicateDefinition] for value '/test/**'; nested exception is javax.validation.ValidationException: Unable to parse PredicateDefinition text '/test/**', must be of the form name=value
Caused by: javax.validation.ValidationException: Unable to parse PredicateDefinition text '/test/**', must be of the form name=value

